[ INFO ] 2024-07-13 04:59:59
[ Accept Client ]
IP: 172.17.0.1
Port: 59642
Socket: 6

-----------------------------------

[ INFO ] 2024-07-13 04:59:59
[ Accept Client ]
IP: 172.17.0.1
Port: 59644
Socket: 7

-----------------------------------

[ INFO ] 2024-07-13 05:01:00
6 Connection closed

-----------------------------------

[ INFO ] 2024-07-13 05:01:01
7 Connection closed

-----------------------------------

[ INFO ] 2024-07-13 05:01:01
[ Accept Client ]
IP: 172.17.0.1
Port: 59646
Socket: 6

-----------------------------------

[ INFO ] 2024-07-13 05:02:02
6 Connection closed

-----------------------------------

[ INFO ] 2024-07-13 05:16:43
[ Accept Client ]
IP: 172.17.0.1
Port: 59734
Socket: 6

-----------------------------------

[ INFO ] 2024-07-13 05:16:43
[ Accept Client ]
IP: 172.17.0.1
Port: 59736
Socket: 7

-----------------------------------

[ INFO ] 2024-07-13 05:16:45
[ Accept Client ]
IP: 172.17.0.1
Port: 59738
Socket: 8

-----------------------------------

[ INFO ] 2024-07-13 05:22:58
[ Accept Client ]
IP: 172.17.0.1
Port: 59758
Socket: 6

-----------------------------------

[ INFO ] 2024-07-13 05:22:58
[ Accept Client ]
IP: 172.17.0.1
Port: 59760
Socket: 7

-----------------------------------

